------------------------------
Complete deck: 
Description    Size Speed Range Firepower Cargo
350r         :  1  9  2  3  0
Avenger      :  2  5  4  3  2
Carrack      :  6  2 10  4  6
Constellation:  4  5  7  3  4
Hawk         :  1  3  2  4  0
Hornet       :  2  5  3  4  1
Hurricane    :  2  5  3  5  0
Idris        :  8  2  7 10  6
m50          :  1 10  2  2  0
Merchantman  :  7  3  5  6  8
Orion        : 10  1  6  2  9
Sabre        :  2  7  2  5  0
Vanguard     :  3  4  5  5  2
350r         :  1  9  2  3  0
Avenger      :  2  5  4  3  2
Carrack      :  6  2 10  4  6
Constellation:  4  5  7  3  4
Hawk         :  1  3  2  4  0
Hornet       :  2  5  3  4  1
Hurricane    :  2  5  3  5  0
Idris        :  8  2  7 10  6
m50          :  1 10  2  2  0
Merchantman  :  7  3  5  6  8
Orion        : 10  1  6  2  9
Sabre        :  2  7  2  5  0
Vanguard     :  3  4  5  5  2
350r         :  1  9  2  3  0
Avenger      :  2  5  4  3  2
Carrack      :  6  2 10  4  6
Constellation:  4  5  7  3  4
Hawk         :  1  3  2  4  0
Hornet       :  2  5  3  4  1
Hurricane    :  2  5  3  5  0
Idris        :  8  2  7 10  6
m50          :  1 10  2  2  0
Merchantman  :  7  3  5  6  8
Orion        : 10  1  6  2  9
Sabre        :  2  7  2  5  0
Vanguard     :  3  4  5  5  2
Avenger      :  2  5  4  3  2
------------------------------
Shuffled deck: 
m50          :  1 10  2  2  0
Hawk         :  1  3  2  4  0
Avenger      :  2  5  4  3  2
Avenger      :  2  5  4  3  2
Carrack      :  6  2 10  4  6
Orion        : 10  1  6  2  9
350r         :  1  9  2  3  0
Hawk         :  1  3  2  4  0
Merchantman  :  7  3  5  6  8
Constellation:  4  5  7  3  4
Sabre        :  2  7  2  5  0
Avenger      :  2  5  4  3  2
Hurricane    :  2  5  3  5  0
350r         :  1  9  2  3  0
Hornet       :  2  5  3  4  1
Orion        : 10  1  6  2  9
Idris        :  8  2  7 10  6
Vanguard     :  3  4  5  5  2
Merchantman  :  7  3  5  6  8
Merchantman  :  7  3  5  6  8
Vanguard     :  3  4  5  5  2
Constellation:  4  5  7  3  4
350r         :  1  9  2  3  0
Idris        :  8  2  7 10  6
Hurricane    :  2  5  3  5  0
m50          :  1 10  2  2  0
m50          :  1 10  2  2  0
Hornet       :  2  5  3  4  1
Idris        :  8  2  7 10  6
Vanguard     :  3  4  5  5  2
Hurricane    :  2  5  3  5  0
Hawk         :  1  3  2  4  0
Carrack      :  6  2 10  4  6
Hornet       :  2  5  3  4  1
Avenger      :  2  5  4  3  2
Sabre        :  2  7  2  5  0
Constellation:  4  5  7  3  4
Sabre        :  2  7  2  5  0
Orion        : 10  1  6  2  9
Carrack      :  6  2 10  4  6
------------------------------
HUMAN PLAYER
Cards in deck: 
m50          :  1 10  2  2  0
Avenger      :  2  5  4  3  2
Carrack      :  6  2 10  4  6
350r         :  1  9  2  3  0
Merchantman  :  7  3  5  6  8
Sabre        :  2  7  2  5  0
Hurricane    :  2  5  3  5  0
Hornet       :  2  5  3  4  1
Idris        :  8  2  7 10  6
Merchantman  :  7  3  5  6  8
Vanguard     :  3  4  5  5  2
350r         :  1  9  2  3  0
Hurricane    :  2  5  3  5  0
m50          :  1 10  2  2  0
Idris        :  8  2  7 10  6
Hurricane    :  2  5  3  5  0
Carrack      :  6  2 10  4  6
Avenger      :  2  5  4  3  2
Constellation:  4  5  7  3  4
Orion        : 10  1  6  2  9
------------------------------
AI PLAYER 1
Cards in deck: 
Hawk         :  1  3  2  4  0
Avenger      :  2  5  4  3  2
Orion        : 10  1  6  2  9
Hawk         :  1  3  2  4  0
Constellation:  4  5  7  3  4
Avenger      :  2  5  4  3  2
350r         :  1  9  2  3  0
Orion        : 10  1  6  2  9
Vanguard     :  3  4  5  5  2
Merchantman  :  7  3  5  6  8
Constellation:  4  5  7  3  4
Idris        :  8  2  7 10  6
m50          :  1 10  2  2  0
Hornet       :  2  5  3  4  1
Vanguard     :  3  4  5  5  2
Hawk         :  1  3  2  4  0
Hornet       :  2  5  3  4  1
Sabre        :  2  7  2  5  0
Sabre        :  2  7  2  5  0
Carrack      :  6  2 10  4  6

ROUND 1
--------------------------------------------------
AI Player 1 selected Firepower: 4
------------------------------
HUMAN PLAYER
Content of user's card: 
m50          :  1 10  2  2  0
------------------------------
AI PLAYER 1
Content of user's card: 
Hawk         :  1  3  2  4  0
------------------------------
HUMAN PLAYER
Cards in deck: 
Avenger      :  2  5  4  3  2
Carrack      :  6  2 10  4  6
350r         :  1  9  2  3  0
Merchantman  :  7  3  5  6  8
Sabre        :  2  7  2  5  0
Hurricane    :  2  5  3  5  0
Hornet       :  2  5  3  4  1
Idris        :  8  2  7 10  6
Merchantman  :  7  3  5  6  8
Vanguard     :  3  4  5  5  2
350r         :  1  9  2  3  0
Hurricane    :  2  5  3  5  0
m50          :  1 10  2  2  0
Idris        :  8  2  7 10  6
Hurricane    :  2  5  3  5  0
Carrack      :  6  2 10  4  6
Avenger      :  2  5  4  3  2
Constellation:  4  5  7  3  4
Orion        : 10  1  6  2  9
------------------------------
AI PLAYER 1
Cards in deck: 
Avenger      :  2  5  4  3  2
Orion        : 10  1  6  2  9
Hawk         :  1  3  2  4  0
Constellation:  4  5  7  3  4
Avenger      :  2  5  4  3  2
350r         :  1  9  2  3  0
Orion        : 10  1  6  2  9
Vanguard     :  3  4  5  5  2
Merchantman  :  7  3  5  6  8
Constellation:  4  5  7  3  4
Idris        :  8  2  7 10  6
m50          :  1 10  2  2  0
Hornet       :  2  5  3  4  1
Vanguard     :  3  4  5  5  2
Hawk         :  1  3  2  4  0
Hornet       :  2  5  3  4  1
Sabre        :  2  7  2  5  0
Sabre        :  2  7  2  5  0
Carrack      :  6  2 10  4  6
m50          :  1 10  2  2  0
Hawk         :  1  3  2  4  0

ROUND 2
--------------------------------------------------
AI Player 1 selected Speed: 5
------------------------------
HUMAN PLAYER
Content of user's card: 
Avenger      :  2  5  4  3  2
------------------------------
AI PLAYER 1
Content of user's card: 
Avenger      :  2  5  4  3  2
------------------------------
HUMAN PLAYER
Cards in deck: 
Carrack      :  6  2 10  4  6
350r         :  1  9  2  3  0
Merchantman  :  7  3  5  6  8
Sabre        :  2  7  2  5  0
Hurricane    :  2  5  3  5  0
Hornet       :  2  5  3  4  1
Idris        :  8  2  7 10  6
Merchantman  :  7  3  5  6  8
Vanguard     :  3  4  5  5  2
350r         :  1  9  2  3  0
Hurricane    :  2  5  3  5  0
m50          :  1 10  2  2  0
Idris        :  8  2  7 10  6
Hurricane    :  2  5  3  5  0
Carrack      :  6  2 10  4  6
Avenger      :  2  5  4  3  2
Constellation:  4  5  7  3  4
Orion        : 10  1  6  2  9
------------------------------
AI PLAYER 1
Cards in deck: 
Orion        : 10  1  6  2  9
Hawk         :  1  3  2  4  0
Constellation:  4  5  7  3  4
Avenger      :  2  5  4  3  2
350r         :  1  9  2  3  0
Orion        : 10  1  6  2  9
Vanguard     :  3  4  5  5  2
Merchantman  :  7  3  5  6  8
Constellation:  4  5  7  3  4
Idris        :  8  2  7 10  6
m50          :  1 10  2  2  0
Hornet       :  2  5  3  4  1
Vanguard     :  3  4  5  5  2
Hawk         :  1  3  2  4  0
Hornet       :  2  5  3  4  1
Sabre        :  2  7  2  5  0
Sabre        :  2  7  2  5  0
Carrack      :  6  2 10  4  6
m50          :  1 10  2  2  0
Hawk         :  1  3  2  4  0
------------------------------
Content of communal pile: 
Avenger      :  2  5  4  3  2
Avenger      :  2  5  4  3  2

ROUND 3
--------------------------------------------------
AI Player 1 selected Size: 10
------------------------------
HUMAN PLAYER
Content of user's card: 
Carrack      :  6  2 10  4  6
------------------------------
AI PLAYER 1
Content of user's card: 
Orion        : 10  1  6  2  9
------------------------------
HUMAN PLAYER
Cards in deck: 
350r         :  1  9  2  3  0
Merchantman  :  7  3  5  6  8
Sabre        :  2  7  2  5  0
Hurricane    :  2  5  3  5  0
Hornet       :  2  5  3  4  1
Idris        :  8  2  7 10  6
Merchantman  :  7  3  5  6  8
Vanguard     :  3  4  5  5  2
350r         :  1  9  2  3  0
Hurricane    :  2  5  3  5  0
m50          :  1 10  2  2  0
Idris        :  8  2  7 10  6
Hurricane    :  2  5  3  5  0
Carrack      :  6  2 10  4  6
Avenger      :  2  5  4  3  2
Constellation:  4  5  7  3  4
Orion        : 10  1  6  2  9
------------------------------
AI PLAYER 1
Cards in deck: 
Hawk         :  1  3  2  4  0
Constellation:  4  5  7  3  4
Avenger      :  2  5  4  3  2
350r         :  1  9  2  3  0
Orion        : 10  1  6  2  9
Vanguard     :  3  4  5  5  2
Merchantman  :  7  3  5  6  8
Constellation:  4  5  7  3  4
Idris        :  8  2  7 10  6
m50          :  1 10  2  2  0
Hornet       :  2  5  3  4  1
Vanguard     :  3  4  5  5  2
Hawk         :  1  3  2  4  0
Hornet       :  2  5  3  4  1
Sabre        :  2  7  2  5  0
Sabre        :  2  7  2  5  0
Carrack      :  6  2 10  4  6
m50          :  1 10  2  2  0
Hawk         :  1  3  2  4  0
Carrack      :  6  2 10  4  6
Orion        : 10  1  6  2  9
Avenger      :  2  5  4  3  2
Avenger      :  2  5  4  3  2
------------------------------
Content of communal pile: 

ROUND 4
--------------------------------------------------
AI Player 1 selected Firepower: 4
------------------------------
HUMAN PLAYER
Content of user's card: 
350r         :  1  9  2  3  0
------------------------------
AI PLAYER 1
Content of user's card: 
Hawk         :  1  3  2  4  0
------------------------------
HUMAN PLAYER
Cards in deck: 
Merchantman  :  7  3  5  6  8
Sabre        :  2  7  2  5  0
Hurricane    :  2  5  3  5  0
Hornet       :  2  5  3  4  1
Idris        :  8  2  7 10  6
Merchantman  :  7  3  5  6  8
Vanguard     :  3  4  5  5  2
350r         :  1  9  2  3  0
Hurricane    :  2  5  3  5  0
m50          :  1 10  2  2  0
Idris        :  8  2  7 10  6
Hurricane    :  2  5  3  5  0
Carrack      :  6  2 10  4  6
Avenger      :  2  5  4  3  2
Constellation:  4  5  7  3  4
Orion        : 10  1  6  2  9
------------------------------
AI PLAYER 1
Cards in deck: 
Constellation:  4  5  7  3  4
Avenger      :  2  5  4  3  2
350r         :  1  9  2  3  0
Orion        : 10  1  6  2  9
Vanguard     :  3  4  5  5  2
Merchantman  :  7  3  5  6  8
Constellation:  4  5  7  3  4
Idris        :  8  2  7 10  6
m50          :  1 10  2  2  0
Hornet       :  2  5  3  4  1
Vanguard     :  3  4  5  5  2
Hawk         :  1  3  2  4  0
Hornet       :  2  5  3  4  1
Sabre        :  2  7  2  5  0
Sabre        :  2  7  2  5  0
Carrack      :  6  2 10  4  6
m50          :  1 10  2  2  0
Hawk         :  1  3  2  4  0
Carrack      :  6  2 10  4  6
Orion        : 10  1  6  2  9
Avenger      :  2  5  4  3  2
Avenger      :  2  5  4  3  2
350r         :  1  9  2  3  0
Hawk         :  1  3  2  4  0

ROUND 5
--------------------------------------------------
AI Player 1 selected Range: 7
------------------------------
HUMAN PLAYER
Content of user's card: 
Merchantman  :  7  3  5  6  8
------------------------------
AI PLAYER 1
Content of user's card: 
Constellation:  4  5  7  3  4
------------------------------
HUMAN PLAYER
Cards in deck: 
Sabre        :  2  7  2  5  0
Hurricane    :  2  5  3  5  0
Hornet       :  2  5  3  4  1
Idris        :  8  2  7 10  6
Merchantman  :  7  3  5  6  8
Vanguard     :  3  4  5  5  2
350r         :  1  9  2  3  0
Hurricane    :  2  5  3  5  0
m50          :  1 10  2  2  0
Idris        :  8  2  7 10  6
Hurricane    :  2  5  3  5  0
Carrack      :  6  2 10  4  6
Avenger      :  2  5  4  3  2
Constellation:  4  5  7  3  4
Orion        : 10  1  6  2  9
------------------------------
AI PLAYER 1
Cards in deck: 
Avenger      :  2  5  4  3  2
350r         :  1  9  2  3  0
Orion        : 10  1  6  2  9
Vanguard     :  3  4  5  5  2
Merchantman  :  7  3  5  6  8
Constellation:  4  5  7  3  4
Idris        :  8  2  7 10  6
m50          :  1 10  2  2  0
Hornet       :  2  5  3  4  1
Vanguard     :  3  4  5  5  2
Hawk         :  1  3  2  4  0
Hornet       :  2  5  3  4  1
Sabre        :  2  7  2  5  0
Sabre        :  2  7  2  5  0
Carrack      :  6  2 10  4  6
m50          :  1 10  2  2  0
Hawk         :  1  3  2  4  0
Carrack      :  6  2 10  4  6
Orion        : 10  1  6  2  9
Avenger      :  2  5  4  3  2
Avenger      :  2  5  4  3  2
350r         :  1  9  2  3  0
Hawk         :  1  3  2  4  0
Merchantman  :  7  3  5  6  8
Constellation:  4  5  7  3  4

ROUND 6
--------------------------------------------------
AI Player 1 selected Speed: 5
------------------------------
HUMAN PLAYER
Content of user's card: 
Sabre        :  2  7  2  5  0
------------------------------
AI PLAYER 1
Content of user's card: 
Avenger      :  2  5  4  3  2
------------------------------
HUMAN PLAYER
Cards in deck: 
Hurricane    :  2  5  3  5  0
Hornet       :  2  5  3  4  1
Idris        :  8  2  7 10  6
Merchantman  :  7  3  5  6  8
Vanguard     :  3  4  5  5  2
350r         :  1  9  2  3  0
Hurricane    :  2  5  3  5  0
m50          :  1 10  2  2  0
Idris        :  8  2  7 10  6
Hurricane    :  2  5  3  5  0
Carrack      :  6  2 10  4  6
Avenger      :  2  5  4  3  2
Constellation:  4  5  7  3  4
Orion        : 10  1  6  2  9
Sabre        :  2  7  2  5  0
Avenger      :  2  5  4  3  2
------------------------------
AI PLAYER 1
Cards in deck: 
350r         :  1  9  2  3  0
Orion        : 10  1  6  2  9
Vanguard     :  3  4  5  5  2
Merchantman  :  7  3  5  6  8
Constellation:  4  5  7  3  4
Idris        :  8  2  7 10  6
m50          :  1 10  2  2  0
Hornet       :  2  5  3  4  1
Vanguard     :  3  4  5  5  2
Hawk         :  1  3  2  4  0
Hornet       :  2  5  3  4  1
Sabre        :  2  7  2  5  0
Sabre        :  2  7  2  5  0
Carrack      :  6  2 10  4  6
m50          :  1 10  2  2  0
Hawk         :  1  3  2  4  0
Carrack      :  6  2 10  4  6
Orion        : 10  1  6  2  9
Avenger      :  2  5  4  3  2
Avenger      :  2  5  4  3  2
350r         :  1  9  2  3  0
Hawk         :  1  3  2  4  0
Merchantman  :  7  3  5  6  8
Constellation:  4  5  7  3  4

ROUND 7
--------------------------------------------------
Human selected Firepower: 5
------------------------------
HUMAN PLAYER
Content of user's card: 
Hurricane    :  2  5  3  5  0
------------------------------
AI PLAYER 1
Content of user's card: 
350r         :  1  9  2  3  0
------------------------------
HUMAN PLAYER
Cards in deck: 
Hornet       :  2  5  3  4  1
Idris        :  8  2  7 10  6
Merchantman  :  7  3  5  6  8
Vanguard     :  3  4  5  5  2
350r         :  1  9  2  3  0
Hurricane    :  2  5  3  5  0
m50          :  1 10  2  2  0
Idris        :  8  2  7 10  6
Hurricane    :  2  5  3  5  0
Carrack      :  6  2 10  4  6
Avenger      :  2  5  4  3  2
Constellation:  4  5  7  3  4
Orion        : 10  1  6  2  9
Sabre        :  2  7  2  5  0
Avenger      :  2  5  4  3  2
Hurricane    :  2  5  3  5  0
350r         :  1  9  2  3  0
------------------------------
AI PLAYER 1
Cards in deck: 
Orion        : 10  1  6  2  9
Vanguard     :  3  4  5  5  2
Merchantman  :  7  3  5  6  8
Constellation:  4  5  7  3  4
Idris        :  8  2  7 10  6
m50          :  1 10  2  2  0
Hornet       :  2  5  3  4  1
Vanguard     :  3  4  5  5  2
Hawk         :  1  3  2  4  0
Hornet       :  2  5  3  4  1
Sabre        :  2  7  2  5  0
Sabre        :  2  7  2  5  0
Carrack      :  6  2 10  4  6
m50          :  1 10  2  2  0
Hawk         :  1  3  2  4  0
Carrack      :  6  2 10  4  6
Orion        : 10  1  6  2  9
Avenger      :  2  5  4  3  2
Avenger      :  2  5  4  3  2
350r         :  1  9  2  3  0
Hawk         :  1  3  2  4  0
Merchantman  :  7  3  5  6  8
Constellation:  4  5  7  3  4

ROUND 8
--------------------------------------------------
Human selected Cargo: 1
------------------------------
HUMAN PLAYER
Content of user's card: 
Hornet       :  2  5  3  4  1
------------------------------
AI PLAYER 1
Content of user's card: 
Orion        : 10  1  6  2  9
------------------------------
HUMAN PLAYER
Cards in deck: 
Idris        :  8  2  7 10  6
Merchantman  :  7  3  5  6  8
Vanguard     :  3  4  5  5  2
350r         :  1  9  2  3  0
Hurricane    :  2  5  3  5  0
m50          :  1 10  2  2  0
Idris        :  8  2  7 10  6
Hurricane    :  2  5  3  5  0
Carrack      :  6  2 10  4  6
Avenger      :  2  5  4  3  2
Constellation:  4  5  7  3  4
Orion        : 10  1  6  2  9
Sabre        :  2  7  2  5  0
Avenger      :  2  5  4  3  2
Hurricane    :  2  5  3  5  0
350r         :  1  9  2  3  0
------------------------------
AI PLAYER 1
Cards in deck: 
Vanguard     :  3  4  5  5  2
Merchantman  :  7  3  5  6  8
Constellation:  4  5  7  3  4
Idris        :  8  2  7 10  6
m50          :  1 10  2  2  0
Hornet       :  2  5  3  4  1
Vanguard     :  3  4  5  5  2
Hawk         :  1  3  2  4  0
Hornet       :  2  5  3  4  1
Sabre        :  2  7  2  5  0
Sabre        :  2  7  2  5  0
Carrack      :  6  2 10  4  6
m50          :  1 10  2  2  0
Hawk         :  1  3  2  4  0
Carrack      :  6  2 10  4  6
Orion        : 10  1  6  2  9
Avenger      :  2  5  4  3  2
Avenger      :  2  5  4  3  2
350r         :  1  9  2  3  0
Hawk         :  1  3  2  4  0
Merchantman  :  7  3  5  6  8
Constellation:  4  5  7  3  4
Hornet       :  2  5  3  4  1
Orion        : 10  1  6  2  9

ROUND 9
--------------------------------------------------
AI Player 1 selected Range: 5
------------------------------
HUMAN PLAYER
Content of user's card: 
Idris        :  8  2  7 10  6
------------------------------
AI PLAYER 1
Content of user's card: 
Vanguard     :  3  4  5  5  2
------------------------------
HUMAN PLAYER
Cards in deck: 
Merchantman  :  7  3  5  6  8
Vanguard     :  3  4  5  5  2
350r         :  1  9  2  3  0
Hurricane    :  2  5  3  5  0
m50          :  1 10  2  2  0
Idris        :  8  2  7 10  6
Hurricane    :  2  5  3  5  0
Carrack      :  6  2 10  4  6
Avenger      :  2  5  4  3  2
Constellation:  4  5  7  3  4
Orion        : 10  1  6  2  9
Sabre        :  2  7  2  5  0
Avenger      :  2  5  4  3  2
Hurricane    :  2  5  3  5  0
350r         :  1  9  2  3  0
Idris        :  8  2  7 10  6
Vanguard     :  3  4  5  5  2
------------------------------
AI PLAYER 1
Cards in deck: 
Merchantman  :  7  3  5  6  8
Constellation:  4  5  7  3  4
Idris        :  8  2  7 10  6
m50          :  1 10  2  2  0
Hornet       :  2  5  3  4  1
Vanguard     :  3  4  5  5  2
Hawk         :  1  3  2  4  0
Hornet       :  2  5  3  4  1
Sabre        :  2  7  2  5  0
Sabre        :  2  7  2  5  0
Carrack      :  6  2 10  4  6
m50          :  1 10  2  2  0
Hawk         :  1  3  2  4  0
Carrack      :  6  2 10  4  6
Orion        : 10  1  6  2  9
Avenger      :  2  5  4  3  2
Avenger      :  2  5  4  3  2
350r         :  1  9  2  3  0
Hawk         :  1  3  2  4  0
Merchantman  :  7  3  5  6  8
Constellation:  4  5  7  3  4
Hornet       :  2  5  3  4  1
Orion        : 10  1  6  2  9

ROUND 10
--------------------------------------------------
Human selected Range: 5
------------------------------
HUMAN PLAYER
Content of user's card: 
Merchantman  :  7  3  5  6  8
------------------------------
AI PLAYER 1
Content of user's card: 
Merchantman  :  7  3  5  6  8
------------------------------
HUMAN PLAYER
Cards in deck: 
Vanguard     :  3  4  5  5  2
350r         :  1  9  2  3  0
Hurricane    :  2  5  3  5  0
m50          :  1 10  2  2  0
Idris        :  8  2  7 10  6
Hurricane    :  2  5  3  5  0
Carrack      :  6  2 10  4  6
Avenger      :  2  5  4  3  2
Constellation:  4  5  7  3  4
Orion        : 10  1  6  2  9
Sabre        :  2  7  2  5  0
Avenger      :  2  5  4  3  2
Hurricane    :  2  5  3  5  0
350r         :  1  9  2  3  0
Idris        :  8  2  7 10  6
Vanguard     :  3  4  5  5  2
------------------------------
AI PLAYER 1
Cards in deck: 
Constellation:  4  5  7  3  4
Idris        :  8  2  7 10  6
m50          :  1 10  2  2  0
Hornet       :  2  5  3  4  1
Vanguard     :  3  4  5  5  2
Hawk         :  1  3  2  4  0
Hornet       :  2  5  3  4  1
Sabre        :  2  7  2  5  0
Sabre        :  2  7  2  5  0
Carrack      :  6  2 10  4  6
m50          :  1 10  2  2  0
Hawk         :  1  3  2  4  0
Carrack      :  6  2 10  4  6
Orion        : 10  1  6  2  9
Avenger      :  2  5  4  3  2
Avenger      :  2  5  4  3  2
350r         :  1  9  2  3  0
Hawk         :  1  3  2  4  0
Merchantman  :  7  3  5  6  8
Constellation:  4  5  7  3  4
Hornet       :  2  5  3  4  1
Orion        : 10  1  6  2  9
------------------------------
Content of communal pile: 
Merchantman  :  7  3  5  6  8
Merchantman  :  7  3  5  6  8

ROUND 11
--------------------------------------------------
Human selected Cargo: 2
------------------------------
HUMAN PLAYER
Content of user's card: 
Vanguard     :  3  4  5  5  2
------------------------------
AI PLAYER 1
Content of user's card: 
Constellation:  4  5  7  3  4
------------------------------
HUMAN PLAYER
Cards in deck: 
350r         :  1  9  2  3  0
Hurricane    :  2  5  3  5  0
m50          :  1 10  2  2  0
Idris        :  8  2  7 10  6
Hurricane    :  2  5  3  5  0
Carrack      :  6  2 10  4  6
Avenger      :  2  5  4  3  2
Constellation:  4  5  7  3  4
Orion        : 10  1  6  2  9
Sabre        :  2  7  2  5  0
Avenger      :  2  5  4  3  2
Hurricane    :  2  5  3  5  0
350r         :  1  9  2  3  0
Idris        :  8  2  7 10  6
Vanguard     :  3  4  5  5  2
------------------------------
AI PLAYER 1
Cards in deck: 
Idris        :  8  2  7 10  6
m50          :  1 10  2  2  0
Hornet       :  2  5  3  4  1
Vanguard     :  3  4  5  5  2
Hawk         :  1  3  2  4  0
Hornet       :  2  5  3  4  1
Sabre        :  2  7  2  5  0
Sabre        :  2  7  2  5  0
Carrack      :  6  2 10  4  6
m50          :  1 10  2  2  0
Hawk         :  1  3  2  4  0
Carrack      :  6  2 10  4  6
Orion        : 10  1  6  2  9
Avenger      :  2  5  4  3  2
Avenger      :  2  5  4  3  2
350r         :  1  9  2  3  0
Hawk         :  1  3  2  4  0
Merchantman  :  7  3  5  6  8
Constellation:  4  5  7  3  4
Hornet       :  2  5  3  4  1
Orion        : 10  1  6  2  9
Vanguard     :  3  4  5  5  2
Constellation:  4  5  7  3  4
Merchantman  :  7  3  5  6  8
Merchantman  :  7  3  5  6  8
------------------------------
Content of communal pile: 

ROUND 12
--------------------------------------------------
AI Player 1 selected Firepower: 10
------------------------------
HUMAN PLAYER
Content of user's card: 
350r         :  1  9  2  3  0
------------------------------
AI PLAYER 1
Content of user's card: 
Idris        :  8  2  7 10  6
------------------------------
HUMAN PLAYER
Cards in deck: 
Hurricane    :  2  5  3  5  0
m50          :  1 10  2  2  0
Idris        :  8  2  7 10  6
Hurricane    :  2  5  3  5  0
Carrack      :  6  2 10  4  6
Avenger      :  2  5  4  3  2
Constellation:  4  5  7  3  4
Orion        : 10  1  6  2  9
Sabre        :  2  7  2  5  0
Avenger      :  2  5  4  3  2
Hurricane    :  2  5  3  5  0
350r         :  1  9  2  3  0
Idris        :  8  2  7 10  6
Vanguard     :  3  4  5  5  2
------------------------------
AI PLAYER 1
Cards in deck: 
m50          :  1 10  2  2  0
Hornet       :  2  5  3  4  1
Vanguard     :  3  4  5  5  2
Hawk         :  1  3  2  4  0
Hornet       :  2  5  3  4  1
Sabre        :  2  7  2  5  0
Sabre        :  2  7  2  5  0
Carrack      :  6  2 10  4  6
m50          :  1 10  2  2  0
Hawk         :  1  3  2  4  0
Carrack      :  6  2 10  4  6
Orion        : 10  1  6  2  9
Avenger      :  2  5  4  3  2
Avenger      :  2  5  4  3  2
350r         :  1  9  2  3  0
Hawk         :  1  3  2  4  0
Merchantman  :  7  3  5  6  8
Constellation:  4  5  7  3  4
Hornet       :  2  5  3  4  1
Orion        : 10  1  6  2  9
Vanguard     :  3  4  5  5  2
Constellation:  4  5  7  3  4
Merchantman  :  7  3  5  6  8
Merchantman  :  7  3  5  6  8
350r         :  1  9  2  3  0
Idris        :  8  2  7 10  6

ROUND 13
--------------------------------------------------
AI Player 1 selected Speed: 10
------------------------------
HUMAN PLAYER
Content of user's card: 
Hurricane    :  2  5  3  5  0
------------------------------
AI PLAYER 1
Content of user's card: 
m50          :  1 10  2  2  0
------------------------------
HUMAN PLAYER
Cards in deck: 
m50          :  1 10  2  2  0
Idris        :  8  2  7 10  6
Hurricane    :  2  5  3  5  0
Carrack      :  6  2 10  4  6
Avenger      :  2  5  4  3  2
Constellation:  4  5  7  3  4
Orion        : 10  1  6  2  9
Sabre        :  2  7  2  5  0
Avenger      :  2  5  4  3  2
Hurricane    :  2  5  3  5  0
350r         :  1  9  2  3  0
Idris        :  8  2  7 10  6
Vanguard     :  3  4  5  5  2
------------------------------
AI PLAYER 1
Cards in deck: 
Hornet       :  2  5  3  4  1
Vanguard     :  3  4  5  5  2
Hawk         :  1  3  2  4  0
Hornet       :  2  5  3  4  1
Sabre        :  2  7  2  5  0
Sabre        :  2  7  2  5  0
Carrack      :  6  2 10  4  6
m50          :  1 10  2  2  0
Hawk         :  1  3  2  4  0
Carrack      :  6  2 10  4  6
Orion        : 10  1  6  2  9
Avenger      :  2  5  4  3  2
Avenger      :  2  5  4  3  2
350r         :  1  9  2  3  0
Hawk         :  1  3  2  4  0
Merchantman  :  7  3  5  6  8
Constellation:  4  5  7  3  4
Hornet       :  2  5  3  4  1
Orion        : 10  1  6  2  9
Vanguard     :  3  4  5  5  2
Constellation:  4  5  7  3  4
Merchantman  :  7  3  5  6  8
Merchantman  :  7  3  5  6  8
350r         :  1  9  2  3  0
Idris        :  8  2  7 10  6
Hurricane    :  2  5  3  5  0
m50          :  1 10  2  2  0

ROUND 14
--------------------------------------------------
AI Player 1 selected Speed: 5
------------------------------
HUMAN PLAYER
Content of user's card: 
m50          :  1 10  2  2  0
------------------------------
AI PLAYER 1
Content of user's card: 
Hornet       :  2  5  3  4  1
------------------------------
HUMAN PLAYER
Cards in deck: 
Idris        :  8  2  7 10  6
Hurricane    :  2  5  3  5  0
Carrack      :  6  2 10  4  6
Avenger      :  2  5  4  3  2
Constellation:  4  5  7  3  4
Orion        : 10  1  6  2  9
Sabre        :  2  7  2  5  0
Avenger      :  2  5  4  3  2
Hurricane    :  2  5  3  5  0
350r         :  1  9  2  3  0
Idris        :  8  2  7 10  6
Vanguard     :  3  4  5  5  2
m50          :  1 10  2  2  0
Hornet       :  2  5  3  4  1
------------------------------
AI PLAYER 1
Cards in deck: 
Vanguard     :  3  4  5  5  2
Hawk         :  1  3  2  4  0
Hornet       :  2  5  3  4  1
Sabre        :  2  7  2  5  0
Sabre        :  2  7  2  5  0
Carrack      :  6  2 10  4  6
m50          :  1 10  2  2  0
Hawk         :  1  3  2  4  0
Carrack      :  6  2 10  4  6
Orion        : 10  1  6  2  9
Avenger      :  2  5  4  3  2
Avenger      :  2  5  4  3  2
350r         :  1  9  2  3  0
Hawk         :  1  3  2  4  0
Merchantman  :  7  3  5  6  8
Constellation:  4  5  7  3  4
Hornet       :  2  5  3  4  1
Orion        : 10  1  6  2  9
Vanguard     :  3  4  5  5  2
Constellation:  4  5  7  3  4
Merchantman  :  7  3  5  6  8
Merchantman  :  7  3  5  6  8
350r         :  1  9  2  3  0
Idris        :  8  2  7 10  6
Hurricane    :  2  5  3  5  0
m50          :  1 10  2  2  0

ROUND 15
--------------------------------------------------
Human selected Cargo: 6
------------------------------
HUMAN PLAYER
Content of user's card: 
Idris        :  8  2  7 10  6
------------------------------
AI PLAYER 1
Content of user's card: 
Vanguard     :  3  4  5  5  2
------------------------------
HUMAN PLAYER
Cards in deck: 
Hurricane    :  2  5  3  5  0
Carrack      :  6  2 10  4  6
Avenger      :  2  5  4  3  2
Constellation:  4  5  7  3  4
Orion        : 10  1  6  2  9
Sabre        :  2  7  2  5  0
Avenger      :  2  5  4  3  2
Hurricane    :  2  5  3  5  0
350r         :  1  9  2  3  0
Idris        :  8  2  7 10  6
Vanguard     :  3  4  5  5  2
m50          :  1 10  2  2  0
Hornet       :  2  5  3  4  1
Idris        :  8  2  7 10  6
Vanguard     :  3  4  5  5  2
------------------------------
AI PLAYER 1
Cards in deck: 
Hawk         :  1  3  2  4  0
Hornet       :  2  5  3  4  1
Sabre        :  2  7  2  5  0
Sabre        :  2  7  2  5  0
Carrack      :  6  2 10  4  6
m50          :  1 10  2  2  0
Hawk         :  1  3  2  4  0
Carrack      :  6  2 10  4  6
Orion        : 10  1  6  2  9
Avenger      :  2  5  4  3  2
Avenger      :  2  5  4  3  2
350r         :  1  9  2  3  0
Hawk         :  1  3  2  4  0
Merchantman  :  7  3  5  6  8
Constellation:  4  5  7  3  4
Hornet       :  2  5  3  4  1
Orion        : 10  1  6  2  9
Vanguard     :  3  4  5  5  2
Constellation:  4  5  7  3  4
Merchantman  :  7  3  5  6  8
Merchantman  :  7  3  5  6  8
350r         :  1  9  2  3  0
Idris        :  8  2  7 10  6
Hurricane    :  2  5  3  5  0
m50          :  1 10  2  2  0

ROUND 16
--------------------------------------------------
Human selected Speed: 5
------------------------------
HUMAN PLAYER
Content of user's card: 
Hurricane    :  2  5  3  5  0
------------------------------
AI PLAYER 1
Content of user's card: 
Hawk         :  1  3  2  4  0
------------------------------
HUMAN PLAYER
Cards in deck: 
Carrack      :  6  2 10  4  6
Avenger      :  2  5  4  3  2
Constellation:  4  5  7  3  4
Orion        : 10  1  6  2  9
Sabre        :  2  7  2  5  0
Avenger      :  2  5  4  3  2
Hurricane    :  2  5  3  5  0
350r         :  1  9  2  3  0
Idris        :  8  2  7 10  6
Vanguard     :  3  4  5  5  2
m50          :  1 10  2  2  0
Hornet       :  2  5  3  4  1
Idris        :  8  2  7 10  6
Vanguard     :  3  4  5  5  2
Hurricane    :  2  5  3  5  0
Hawk         :  1  3  2  4  0
------------------------------
AI PLAYER 1
Cards in deck: 
Hornet       :  2  5  3  4  1
Sabre        :  2  7  2  5  0
Sabre        :  2  7  2  5  0
Carrack      :  6  2 10  4  6
m50          :  1 10  2  2  0
Hawk         :  1  3  2  4  0
Carrack      :  6  2 10  4  6
Orion        : 10  1  6  2  9
Avenger      :  2  5  4  3  2
Avenger      :  2  5  4  3  2
350r         :  1  9  2  3  0
Hawk         :  1  3  2  4  0
Merchantman  :  7  3  5  6  8
Constellation:  4  5  7  3  4
Hornet       :  2  5  3  4  1
Orion        : 10  1  6  2  9
Vanguard     :  3  4  5  5  2
Constellation:  4  5  7  3  4
Merchantman  :  7  3  5  6  8
Merchantman  :  7  3  5  6  8
350r         :  1  9  2  3  0
Idris        :  8  2  7 10  6
Hurricane    :  2  5  3  5  0
m50          :  1 10  2  2  0