------------------------------
Complete deck: 
Description    Size Speed Range Firepower Cargo
350r         :  1  9  2  3  0
Avenger      :  2  5  4  3  2
Carrack      :  6  2 10  4  6
Constellation:  4  5  7  3  4
Hawk         :  1  3  2  4  0
Hornet       :  2  5  3  4  1
Hurricane    :  2  5  3  5  0
Idris        :  8  2  7 10  6
m50          :  1 10  2  2  0
Merchantman  :  7  3  5  6  8
Orion        : 10  1  6  2  9
Sabre        :  2  7  2  5  0
Vanguard     :  3  4  5  5  2
350r         :  1  9  2  3  0
Avenger      :  2  5  4  3  2
Carrack      :  6  2 10  4  6
Constellation:  4  5  7  3  4
Hawk         :  1  3  2  4  0
Hornet       :  2  5  3  4  1
Hurricane    :  2  5  3  5  0
Idris        :  8  2  7 10  6
m50          :  1 10  2  2  0
Merchantman  :  7  3  5  6  8
Orion        : 10  1  6  2  9
Sabre        :  2  7  2  5  0
Vanguard     :  3  4  5  5  2
350r         :  1  9  2  3  0
Avenger      :  2  5  4  3  2
Carrack      :  6  2 10  4  6
Constellation:  4  5  7  3  4
Hawk         :  1  3  2  4  0
Hornet       :  2  5  3  4  1
Hurricane    :  2  5  3  5  0
Idris        :  8  2  7 10  6
m50          :  1 10  2  2  0
Merchantman  :  7  3  5  6  8
Orion        : 10  1  6  2  9
Sabre        :  2  7  2  5  0
Vanguard     :  3  4  5  5  2
Avenger      :  2  5  4  3  2
------------------------------
Shuffled deck: 
Sabre        :  2  7  2  5  0
Merchantman  :  7  3  5  6  8
Hawk         :  1  3  2  4  0
Merchantman  :  7  3  5  6  8
Hornet       :  2  5  3  4  1
Vanguard     :  3  4  5  5  2
Carrack      :  6  2 10  4  6
Idris        :  8  2  7 10  6
Vanguard     :  3  4  5  5  2
350r         :  1  9  2  3  0
Idris        :  8  2  7 10  6
Merchantman  :  7  3  5  6  8
Orion        : 10  1  6  2  9
Hawk         :  1  3  2  4  0
Carrack      :  6  2 10  4  6
Carrack      :  6  2 10  4  6
Hurricane    :  2  5  3  5  0
Hornet       :  2  5  3  4  1
Idris        :  8  2  7 10  6
Orion        : 10  1  6  2  9
Avenger      :  2  5  4  3  2
Orion        : 10  1  6  2  9
350r         :  1  9  2  3  0
350r         :  1  9  2  3  0
Avenger      :  2  5  4  3  2
Sabre        :  2  7  2  5  0
Hurricane    :  2  5  3  5  0
Sabre        :  2  7  2  5  0
Hawk         :  1  3  2  4  0
Avenger      :  2  5  4  3  2
Vanguard     :  3  4  5  5  2
m50          :  1 10  2  2  0
Constellation:  4  5  7  3  4
Hurricane    :  2  5  3  5  0
Hornet       :  2  5  3  4  1
Avenger      :  2  5  4  3  2
Constellation:  4  5  7  3  4
m50          :  1 10  2  2  0
m50          :  1 10  2  2  0
Constellation:  4  5  7  3  4
------------------------------
HUMAN PLAYER
Cards in deck: 
Sabre        :  2  7  2  5  0
Vanguard     :  3  4  5  5  2
Idris        :  8  2  7 10  6
Carrack      :  6  2 10  4  6
Avenger      :  2  5  4  3  2
Sabre        :  2  7  2  5  0
Vanguard     :  3  4  5  5  2
Avenger      :  2  5  4  3  2
------------------------------
AI PLAYER 1
Cards in deck: 
Merchantman  :  7  3  5  6  8
Carrack      :  6  2 10  4  6
Merchantman  :  7  3  5  6  8
Hurricane    :  2  5  3  5  0
Orion        : 10  1  6  2  9
Hurricane    :  2  5  3  5  0
m50          :  1 10  2  2  0
Constellation:  4  5  7  3  4
------------------------------
AI PLAYER 2
Cards in deck: 
Hawk         :  1  3  2  4  0
Idris        :  8  2  7 10  6
Orion        : 10  1  6  2  9
Hornet       :  2  5  3  4  1
350r         :  1  9  2  3  0
Sabre        :  2  7  2  5  0
Constellation:  4  5  7  3  4
m50          :  1 10  2  2  0
------------------------------
AI PLAYER 3
Cards in deck: 
Merchantman  :  7  3  5  6  8
Vanguard     :  3  4  5  5  2
Hawk         :  1  3  2  4  0
Idris        :  8  2  7 10  6
350r         :  1  9  2  3  0
Hawk         :  1  3  2  4  0
Hurricane    :  2  5  3  5  0
m50          :  1 10  2  2  0
------------------------------
AI PLAYER 4
Cards in deck: 
Hornet       :  2  5  3  4  1
350r         :  1  9  2  3  0
Carrack      :  6  2 10  4  6
Orion        : 10  1  6  2  9
Avenger      :  2  5  4  3  2
Avenger      :  2  5  4  3  2
Hornet       :  2  5  3  4  1
Constellation:  4  5  7  3  4

ROUND 1
--------------------------------------------------
AI Player 4 selected Speed: 5
------------------------------
HUMAN PLAYER
Content of user's card: 
Sabre        :  2  7  2  5  0
------------------------------
AI PLAYER 1
Content of user's card: 
Merchantman  :  7  3  5  6  8
------------------------------
AI PLAYER 2
Content of user's card: 
Hawk         :  1  3  2  4  0
------------------------------
AI PLAYER 3
Content of user's card: 
Merchantman  :  7  3  5  6  8
------------------------------
AI PLAYER 4
Content of user's card: 
Hornet       :  2  5  3  4  1
------------------------------
HUMAN PLAYER
Cards in deck: 
Vanguard     :  3  4  5  5  2
Idris        :  8  2  7 10  6
Carrack      :  6  2 10  4  6
Avenger      :  2  5  4  3  2
Sabre        :  2  7  2  5  0
Vanguard     :  3  4  5  5  2
Avenger      :  2  5  4  3  2
Sabre        :  2  7  2  5  0
Merchantman  :  7  3  5  6  8
Hawk         :  1  3  2  4  0
Merchantman  :  7  3  5  6  8
Hornet       :  2  5  3  4  1
------------------------------
AI PLAYER 1
Cards in deck: 
Carrack      :  6  2 10  4  6
Merchantman  :  7  3  5  6  8
Hurricane    :  2  5  3  5  0
Orion        : 10  1  6  2  9
Hurricane    :  2  5  3  5  0
m50          :  1 10  2  2  0
Constellation:  4  5  7  3  4
------------------------------
AI PLAYER 2
Cards in deck: 
Idris        :  8  2  7 10  6
Orion        : 10  1  6  2  9
Hornet       :  2  5  3  4  1
350r         :  1  9  2  3  0
Sabre        :  2  7  2  5  0
Constellation:  4  5  7  3  4
m50          :  1 10  2  2  0
------------------------------
AI PLAYER 3
Cards in deck: 
Vanguard     :  3  4  5  5  2
Hawk         :  1  3  2  4  0
Idris        :  8  2  7 10  6
350r         :  1  9  2  3  0
Hawk         :  1  3  2  4  0
Hurricane    :  2  5  3  5  0
m50          :  1 10  2  2  0
------------------------------
AI PLAYER 4
Cards in deck: 
350r         :  1  9  2  3  0
Carrack      :  6  2 10  4  6
Orion        : 10  1  6  2  9
Avenger      :  2  5  4  3  2
Avenger      :  2  5  4  3  2
Hornet       :  2  5  3  4  1
Constellation:  4  5  7  3  4

ROUND 2
--------------------------------------------------
Human selected Cargo: 2
------------------------------
HUMAN PLAYER
Content of user's card: 
Vanguard     :  3  4  5  5  2
------------------------------
AI PLAYER 1
Content of user's card: 
Carrack      :  6  2 10  4  6
------------------------------
AI PLAYER 2
Content of user's card: 
Idris        :  8  2  7 10  6
------------------------------
AI PLAYER 3
Content of user's card: 
Vanguard     :  3  4  5  5  2
------------------------------
AI PLAYER 4
Content of user's card: 
350r         :  1  9  2  3  0
------------------------------
HUMAN PLAYER
Cards in deck: 
Idris        :  8  2  7 10  6
Carrack      :  6  2 10  4  6
Avenger      :  2  5  4  3  2
Sabre        :  2  7  2  5  0
Vanguard     :  3  4  5  5  2
Avenger      :  2  5  4  3  2
Sabre        :  2  7  2  5  0
Merchantman  :  7  3  5  6  8
Hawk         :  1  3  2  4  0
Merchantman  :  7  3  5  6  8
Hornet       :  2  5  3  4  1
------------------------------
AI PLAYER 1
Cards in deck: 
Merchantman  :  7  3  5  6  8
Hurricane    :  2  5  3  5  0
Orion        : 10  1  6  2  9
Hurricane    :  2  5  3  5  0
m50          :  1 10  2  2  0
Constellation:  4  5  7  3  4
------------------------------
AI PLAYER 2
Cards in deck: 
Orion        : 10  1  6  2  9
Hornet       :  2  5  3  4  1
350r         :  1  9  2  3  0
Sabre        :  2  7  2  5  0
Constellation:  4  5  7  3  4
m50          :  1 10  2  2  0
------------------------------
AI PLAYER 3
Cards in deck: 
Hawk         :  1  3  2  4  0
Idris        :  8  2  7 10  6
350r         :  1  9  2  3  0
Hawk         :  1  3  2  4  0
Hurricane    :  2  5  3  5  0
m50          :  1 10  2  2  0
------------------------------
AI PLAYER 4
Cards in deck: 
Carrack      :  6  2 10  4  6
Orion        : 10  1  6  2  9
Avenger      :  2  5  4  3  2
Avenger      :  2  5  4  3  2
Hornet       :  2  5  3  4  1
Constellation:  4  5  7  3  4
------------------------------
Content of communal pile: 
Vanguard     :  3  4  5  5  2
Carrack      :  6  2 10  4  6
Idris        :  8  2  7 10  6
Vanguard     :  3  4  5  5  2
350r         :  1  9  2  3  0

ROUND 3
--------------------------------------------------
Human selected Speed: 2
------------------------------
HUMAN PLAYER
Content of user's card: 
Idris        :  8  2  7 10  6
------------------------------
AI PLAYER 1
Content of user's card: 
Merchantman  :  7  3  5  6  8
------------------------------
AI PLAYER 2
Content of user's card: 
Orion        : 10  1  6  2  9
------------------------------
AI PLAYER 3
Content of user's card: 
Hawk         :  1  3  2  4  0
------------------------------
AI PLAYER 4
Content of user's card: 
Carrack      :  6  2 10  4  6
------------------------------
HUMAN PLAYER
Cards in deck: 
Carrack      :  6  2 10  4  6
Avenger      :  2  5  4  3  2
Sabre        :  2  7  2  5  0
Vanguard     :  3  4  5  5  2
Avenger      :  2  5  4  3  2
Sabre        :  2  7  2  5  0
Merchantman  :  7  3  5  6  8
Hawk         :  1  3  2  4  0
Merchantman  :  7  3  5  6  8
Hornet       :  2  5  3  4  1
------------------------------
AI PLAYER 1
Cards in deck: 
Hurricane    :  2  5  3  5  0
Orion        : 10  1  6  2  9
Hurricane    :  2  5  3  5  0
m50          :  1 10  2  2  0
Constellation:  4  5  7  3  4
------------------------------
AI PLAYER 2
Cards in deck: 
Hornet       :  2  5  3  4  1
350r         :  1  9  2  3  0
Sabre        :  2  7  2  5  0
Constellation:  4  5  7  3  4
m50          :  1 10  2  2  0
------------------------------
AI PLAYER 3
Cards in deck: 
Idris        :  8  2  7 10  6
350r         :  1  9  2  3  0
Hawk         :  1  3  2  4  0
Hurricane    :  2  5  3  5  0
m50          :  1 10  2  2  0
------------------------------
AI PLAYER 4
Cards in deck: 
Orion        : 10  1  6  2  9
Avenger      :  2  5  4  3  2
Avenger      :  2  5  4  3  2
Hornet       :  2  5  3  4  1
Constellation:  4  5  7  3  4
------------------------------
Content of communal pile: 
Vanguard     :  3  4  5  5  2
Carrack      :  6  2 10  4  6
Idris        :  8  2  7 10  6
Vanguard     :  3  4  5  5  2
350r         :  1  9  2  3  0
Idris        :  8  2  7 10  6
Merchantman  :  7  3  5  6  8
Orion        : 10  1  6  2  9
Hawk         :  1  3  2  4  0
Carrack      :  6  2 10  4  6

ROUND 4
--------------------------------------------------
Human selected Speed: 2
------------------------------
HUMAN PLAYER
Content of user's card: 
Carrack      :  6  2 10  4  6
------------------------------
AI PLAYER 1
Content of user's card: 
Hurricane    :  2  5  3  5  0
------------------------------
AI PLAYER 2
Content of user's card: 
Hornet       :  2  5  3  4  1
------------------------------
AI PLAYER 3
Content of user's card: 
Idris        :  8  2  7 10  6
------------------------------
AI PLAYER 4
Content of user's card: 
Orion        : 10  1  6  2  9
------------------------------
HUMAN PLAYER
Cards in deck: 
Avenger      :  2  5  4  3  2
Sabre        :  2  7  2  5  0
Vanguard     :  3  4  5  5  2
Avenger      :  2  5  4  3  2
Sabre        :  2  7  2  5  0
Merchantman  :  7  3  5  6  8
Hawk         :  1  3  2  4  0
Merchantman  :  7  3  5  6  8
Hornet       :  2  5  3  4  1
------------------------------
AI PLAYER 1
Cards in deck: 
Orion        : 10  1  6  2  9
Hurricane    :  2  5  3  5  0
m50          :  1 10  2  2  0
Constellation:  4  5  7  3  4
------------------------------
AI PLAYER 2
Cards in deck: 
350r         :  1  9  2  3  0
Sabre        :  2  7  2  5  0
Constellation:  4  5  7  3  4
m50          :  1 10  2  2  0
------------------------------
AI PLAYER 3
Cards in deck: 
350r         :  1  9  2  3  0
Hawk         :  1  3  2  4  0
Hurricane    :  2  5  3  5  0
m50          :  1 10  2  2  0
------------------------------
AI PLAYER 4
Cards in deck: 
Avenger      :  2  5  4  3  2
Avenger      :  2  5  4  3  2
Hornet       :  2  5  3  4  1
Constellation:  4  5  7  3  4
------------------------------
Content of communal pile: 
Vanguard     :  3  4  5  5  2
Carrack      :  6  2 10  4  6
Idris        :  8  2  7 10  6
Vanguard     :  3  4  5  5  2
350r         :  1  9  2  3  0
Idris        :  8  2  7 10  6
Merchantman  :  7  3  5  6  8
Orion        : 10  1  6  2  9
Hawk         :  1  3  2  4  0
Carrack      :  6  2 10  4  6
Carrack      :  6  2 10  4  6
Hurricane    :  2  5  3  5  0
Hornet       :  2  5  3  4  1
Idris        :  8  2  7 10  6
Orion        : 10  1  6  2  9

ROUND 5
--------------------------------------------------
Human selected Cargo: 2
------------------------------
HUMAN PLAYER
Content of user's card: 
Avenger      :  2  5  4  3  2
------------------------------
AI PLAYER 1
Content of user's card: 
Orion        : 10  1  6  2  9
------------------------------
AI PLAYER 2
Content of user's card: 
350r         :  1  9  2  3  0
------------------------------
AI PLAYER 3
Content of user's card: 
350r         :  1  9  2  3  0
------------------------------
AI PLAYER 4
Content of user's card: 
Avenger      :  2  5  4  3  2
------------------------------
HUMAN PLAYER
Cards in deck: 
Sabre        :  2  7  2  5  0
Vanguard     :  3  4  5  5  2
Avenger      :  2  5  4  3  2
Sabre        :  2  7  2  5  0
Merchantman  :  7  3  5  6  8
Hawk         :  1  3  2  4  0
Merchantman  :  7  3  5  6  8
Hornet       :  2  5  3  4  1
------------------------------
AI PLAYER 1
Cards in deck: 
Hurricane    :  2  5  3  5  0
m50          :  1 10  2  2  0
Constellation:  4  5  7  3  4
Avenger      :  2  5  4  3  2
Orion        : 10  1  6  2  9
350r         :  1  9  2  3  0
350r         :  1  9  2  3  0
Avenger      :  2  5  4  3  2
Vanguard     :  3  4  5  5  2
Carrack      :  6  2 10  4  6
Idris        :  8  2  7 10  6
Vanguard     :  3  4  5  5  2
350r         :  1  9  2  3  0
Idris        :  8  2  7 10  6
Merchantman  :  7  3  5  6  8
Orion        : 10  1  6  2  9
Hawk         :  1  3  2  4  0
Carrack      :  6  2 10  4  6
Carrack      :  6  2 10  4  6
Hurricane    :  2  5  3  5  0
Hornet       :  2  5  3  4  1
Idris        :  8  2  7 10  6
Orion        : 10  1  6  2  9
------------------------------
AI PLAYER 2
Cards in deck: 
Sabre        :  2  7  2  5  0
Constellation:  4  5  7  3  4
m50          :  1 10  2  2  0
------------------------------
AI PLAYER 3
Cards in deck: 
Hawk         :  1  3  2  4  0
Hurricane    :  2  5  3  5  0
m50          :  1 10  2  2  0
------------------------------
AI PLAYER 4
Cards in deck: 
Avenger      :  2  5  4  3  2
Hornet       :  2  5  3  4  1
Constellation:  4  5  7  3  4
------------------------------
Content of communal pile: 

ROUND 6
--------------------------------------------------
AI Player 1 selected Speed: 5
------------------------------
HUMAN PLAYER
Content of user's card: 
Sabre        :  2  7  2  5  0
------------------------------
AI PLAYER 1
Content of user's card: 
Hurricane    :  2  5  3  5  0
------------------------------
AI PLAYER 2
Content of user's card: 
Sabre        :  2  7  2  5  0
------------------------------
AI PLAYER 3
Content of user's card: 
Hawk         :  1  3  2  4  0
------------------------------
AI PLAYER 4
Content of user's card: 
Avenger      :  2  5  4  3  2
------------------------------
HUMAN PLAYER
Cards in deck: 
Vanguard     :  3  4  5  5  2
Avenger      :  2  5  4  3  2
Sabre        :  2  7  2  5  0
Merchantman  :  7  3  5  6  8
Hawk         :  1  3  2  4  0
Merchantman  :  7  3  5  6  8
Hornet       :  2  5  3  4  1
------------------------------
AI PLAYER 1
Cards in deck: 
m50          :  1 10  2  2  0
Constellation:  4  5  7  3  4
Avenger      :  2  5  4  3  2
Orion        : 10  1  6  2  9
350r         :  1  9  2  3  0
350r         :  1  9  2  3  0
Avenger      :  2  5  4  3  2
Vanguard     :  3  4  5  5  2
Carrack      :  6  2 10  4  6
Idris        :  8  2  7 10  6
Vanguard     :  3  4  5  5  2
350r         :  1  9  2  3  0
Idris        :  8  2  7 10  6
Merchantman  :  7  3  5  6  8
Orion        : 10  1  6  2  9
Hawk         :  1  3  2  4  0
Carrack      :  6  2 10  4  6
Carrack      :  6  2 10  4  6
Hurricane    :  2  5  3  5  0
Hornet       :  2  5  3  4  1
Idris        :  8  2  7 10  6
Orion        : 10  1  6  2  9
------------------------------
AI PLAYER 2
Cards in deck: 
Constellation:  4  5  7  3  4
m50          :  1 10  2  2  0
------------------------------
AI PLAYER 3
Cards in deck: 
Hurricane    :  2  5  3  5  0
m50          :  1 10  2  2  0
------------------------------
AI PLAYER 4
Cards in deck: 
Hornet       :  2  5  3  4  1
Constellation:  4  5  7  3  4
------------------------------
Content of communal pile: 
Sabre        :  2  7  2  5  0
Hurricane    :  2  5  3  5  0
Sabre        :  2  7  2  5  0
Hawk         :  1  3  2  4  0
Avenger      :  2  5  4  3  2

ROUND 7
--------------------------------------------------
AI Player 1 selected Speed: 10
------------------------------
HUMAN PLAYER
Content of user's card: 
Vanguard     :  3  4  5  5  2
------------------------------
AI PLAYER 1
Content of user's card: 
m50          :  1 10  2  2  0
------------------------------
AI PLAYER 2
Content of user's card: 
Constellation:  4  5  7  3  4
------------------------------
AI PLAYER 3
Content of user's card: 
Hurricane    :  2  5  3  5  0
------------------------------
AI PLAYER 4
Content of user's card: 
Hornet       :  2  5  3  4  1
------------------------------
HUMAN PLAYER
Cards in deck: 
Avenger      :  2  5  4  3  2
Sabre        :  2  7  2  5  0
Merchantman  :  7  3  5  6  8
Hawk         :  1  3  2  4  0
Merchantman  :  7  3  5  6  8
Hornet       :  2  5  3  4  1
------------------------------
AI PLAYER 1
Cards in deck: 
Constellation:  4  5  7  3  4
Avenger      :  2  5  4  3  2
Orion        : 10  1  6  2  9
350r         :  1  9  2  3  0
350r         :  1  9  2  3  0
Avenger      :  2  5  4  3  2
Vanguard     :  3  4  5  5  2
Carrack      :  6  2 10  4  6
Idris        :  8  2  7 10  6
Vanguard     :  3  4  5  5  2
350r         :  1  9  2  3  0
Idris        :  8  2  7 10  6
Merchantman  :  7  3  5  6  8
Orion        : 10  1  6  2  9
Hawk         :  1  3  2  4  0
Carrack      :  6  2 10  4  6
Carrack      :  6  2 10  4  6
Hurricane    :  2  5  3  5  0
Hornet       :  2  5  3  4  1
Idris        :  8  2  7 10  6
Orion        : 10  1  6  2  9
Vanguard     :  3  4  5  5  2
m50          :  1 10  2  2  0
Constellation:  4  5  7  3  4
Hurricane    :  2  5  3  5  0
Hornet       :  2  5  3  4  1
Sabre        :  2  7  2  5  0
Hurricane    :  2  5  3  5  0
Sabre        :  2  7  2  5  0
Hawk         :  1  3  2  4  0
Avenger      :  2  5  4  3  2
------------------------------
AI PLAYER 2
Cards in deck: 
m50          :  1 10  2  2  0
------------------------------
AI PLAYER 3
Cards in deck: 
m50          :  1 10  2  2  0
------------------------------
AI PLAYER 4
Cards in deck: 
Constellation:  4  5  7  3  4
------------------------------
Content of communal pile: 

ROUND 8
--------------------------------------------------
AI Player 1 selected Range: 7
------------------------------
HUMAN PLAYER
Content of user's card: 
Avenger      :  2  5  4  3  2
------------------------------
AI PLAYER 1
Content of user's card: 
Constellation:  4  5  7  3  4
------------------------------
AI PLAYER 2
Content of user's card: 
m50          :  1 10  2  2  0
------------------------------
AI PLAYER 3
Content of user's card: 
m50          :  1 10  2  2  0
------------------------------
AI PLAYER 4
Content of user's card: 
Constellation:  4  5  7  3  4
------------------------------
HUMAN PLAYER
Cards in deck: 
Sabre        :  2  7  2  5  0
Merchantman  :  7  3  5  6  8
Hawk         :  1  3  2  4  0
Merchantman  :  7  3  5  6  8
Hornet       :  2  5  3  4  1
------------------------------
AI PLAYER 1
Cards in deck: 
Avenger      :  2  5  4  3  2
Orion        : 10  1  6  2  9
350r         :  1  9  2  3  0
350r         :  1  9  2  3  0
Avenger      :  2  5  4  3  2
Vanguard     :  3  4  5  5  2
Carrack      :  6  2 10  4  6
Idris        :  8  2  7 10  6
Vanguard     :  3  4  5  5  2
350r         :  1  9  2  3  0
Idris        :  8  2  7 10  6
Merchantman  :  7  3  5  6  8
Orion        : 10  1  6  2  9
Hawk         :  1  3  2  4  0
Carrack      :  6  2 10  4  6
Carrack      :  6  2 10  4  6
Hurricane    :  2  5  3  5  0
Hornet       :  2  5  3  4  1
Idris        :  8  2  7 10  6
Orion        : 10  1  6  2  9
Vanguard     :  3  4  5  5  2
m50          :  1 10  2  2  0
Constellation:  4  5  7  3  4
Hurricane    :  2  5  3  5  0
Hornet       :  2  5  3  4  1
Sabre        :  2  7  2  5  0
Hurricane    :  2  5  3  5  0
Sabre        :  2  7  2  5  0
Hawk         :  1  3  2  4  0
Avenger      :  2  5  4  3  2
------------------------------
AI PLAYER 2
Cards in deck: 
------------------------------
AI PLAYER 3
Cards in deck: 
------------------------------
AI PLAYER 4
Cards in deck: 
------------------------------
Content of communal pile: 
Avenger      :  2  5  4  3  2
Constellation:  4  5  7  3  4
m50          :  1 10  2  2  0
m50          :  1 10  2  2  0
Constellation:  4  5  7  3  4

ROUND 9
--------------------------------------------------
AI Player 1 selected Speed: 5
------------------------------
HUMAN PLAYER
Content of user's card: 
Sabre        :  2  7  2  5  0
------------------------------
AI PLAYER 1
Content of user's card: 
Avenger      :  2  5  4  3  2
------------------------------
HUMAN PLAYER
Cards in deck: 
Merchantman  :  7  3  5  6  8
Hawk         :  1  3  2  4  0
Merchantman  :  7  3  5  6  8
Hornet       :  2  5  3  4  1
Sabre        :  2  7  2  5  0
Avenger      :  2  5  4  3  2
Avenger      :  2  5  4  3  2
Constellation:  4  5  7  3  4
m50          :  1 10  2  2  0
m50          :  1 10  2  2  0
Constellation:  4  5  7  3  4
------------------------------
AI PLAYER 1
Cards in deck: 
Orion        : 10  1  6  2  9
350r         :  1  9  2  3  0
350r         :  1  9  2  3  0
Avenger      :  2  5  4  3  2
Vanguard     :  3  4  5  5  2
Carrack      :  6  2 10  4  6
Idris        :  8  2  7 10  6
Vanguard     :  3  4  5  5  2
350r         :  1  9  2  3  0
Idris        :  8  2  7 10  6
Merchantman  :  7  3  5  6  8
Orion        : 10  1  6  2  9
Hawk         :  1  3  2  4  0
Carrack      :  6  2 10  4  6
Carrack      :  6  2 10  4  6
Hurricane    :  2  5  3  5  0
Hornet       :  2  5  3  4  1
Idris        :  8  2  7 10  6
Orion        : 10  1  6  2  9
Vanguard     :  3  4  5  5  2
m50          :  1 10  2  2  0
Constellation:  4  5  7  3  4
Hurricane    :  2  5  3  5  0
Hornet       :  2  5  3  4  1
Sabre        :  2  7  2  5  0
Hurricane    :  2  5  3  5  0
Sabre        :  2  7  2  5  0
Hawk         :  1  3  2  4  0
Avenger      :  2  5  4  3  2
------------------------------
AI PLAYER 2
Cards in deck: 
------------------------------
AI PLAYER 3
Cards in deck: 
------------------------------
AI PLAYER 4
Cards in deck: 
------------------------------
Content of communal pile: 

ROUND 10
--------------------------------------------------
Human selected Speed: 3
------------------------------
HUMAN PLAYER
Content of user's card: 
Merchantman  :  7  3  5  6  8
------------------------------
AI PLAYER 1
Content of user's card: 
Orion        : 10  1  6  2  9
------------------------------
HUMAN PLAYER
Cards in deck: 
Hawk         :  1  3  2  4  0
Merchantman  :  7  3  5  6  8
Hornet       :  2  5  3  4  1
Sabre        :  2  7  2  5  0
Avenger      :  2  5  4  3  2
Avenger      :  2  5  4  3  2
Constellation:  4  5  7  3  4
m50          :  1 10  2  2  0
m50          :  1 10  2  2  0
Constellation:  4  5  7  3  4
Merchantman  :  7  3  5  6  8
Orion        : 10  1  6  2  9
------------------------------
AI PLAYER 1
Cards in deck: 
350r         :  1  9  2  3  0
350r         :  1  9  2  3  0
Avenger      :  2  5  4  3  2
Vanguard     :  3  4  5  5  2
Carrack      :  6  2 10  4  6
Idris        :  8  2  7 10  6
Vanguard     :  3  4  5  5  2
350r         :  1  9  2  3  0
Idris        :  8  2  7 10  6
Merchantman  :  7  3  5  6  8
Orion        : 10  1  6  2  9
Hawk         :  1  3  2  4  0
Carrack      :  6  2 10  4  6
Carrack      :  6  2 10  4  6
Hurricane    :  2  5  3  5  0
Hornet       :  2  5  3  4  1
Idris        :  8  2  7 10  6
Orion        : 10  1  6  2  9
Vanguard     :  3  4  5  5  2
m50          :  1 10  2  2  0
Constellation:  4  5  7  3  4
Hurricane    :  2  5  3  5  0
Hornet       :  2  5  3  4  1
Sabre        :  2  7  2  5  0
Hurricane    :  2  5  3  5  0
Sabre        :  2  7  2  5  0
Hawk         :  1  3  2  4  0
Avenger      :  2  5  4  3  2
------------------------------
AI PLAYER 2
Cards in deck: 
------------------------------
AI PLAYER 3
Cards in deck: 
------------------------------
AI PLAYER 4
Cards in deck: 

ROUND 11
--------------------------------------------------
Human selected Size: 1
------------------------------
HUMAN PLAYER
Content of user's card: 
Hawk         :  1  3  2  4  0
------------------------------
AI PLAYER 1
Content of user's card: 
350r         :  1  9  2  3  0
------------------------------
HUMAN PLAYER
Cards in deck: 
Merchantman  :  7  3  5  6  8
Hornet       :  2  5  3  4  1
Sabre        :  2  7  2  5  0
Avenger      :  2  5  4  3  2
Avenger      :  2  5  4  3  2
Constellation:  4  5  7  3  4
m50          :  1 10  2  2  0
m50          :  1 10  2  2  0
Constellation:  4  5  7  3  4
Merchantman  :  7  3  5  6  8
Orion        : 10  1  6  2  9
------------------------------
AI PLAYER 1
Cards in deck: 
350r         :  1  9  2  3  0
Avenger      :  2  5  4  3  2
Vanguard     :  3  4  5  5  2
Carrack      :  6  2 10  4  6
Idris        :  8  2  7 10  6
Vanguard     :  3  4  5  5  2
350r         :  1  9  2  3  0
Idris        :  8  2  7 10  6
Merchantman  :  7  3  5  6  8
Orion        : 10  1  6  2  9
Hawk         :  1  3  2  4  0
Carrack      :  6  2 10  4  6
Carrack      :  6  2 10  4  6
Hurricane    :  2  5  3  5  0
Hornet       :  2  5  3  4  1
Idris        :  8  2  7 10  6
Orion        : 10  1  6  2  9
Vanguard     :  3  4  5  5  2
m50          :  1 10  2  2  0
Constellation:  4  5  7  3  4
Hurricane    :  2  5  3  5  0
Hornet       :  2  5  3  4  1
Sabre        :  2  7  2  5  0
Hurricane    :  2  5  3  5  0
Sabre        :  2  7  2  5  0
Hawk         :  1  3  2  4  0
Avenger      :  2  5  4  3  2
------------------------------
AI PLAYER 2
Cards in deck: 
------------------------------
AI PLAYER 3
Cards in deck: 
------------------------------
AI PLAYER 4
Cards in deck: 
------------------------------
Content of communal pile: 
Hawk         :  1  3  2  4  0
350r         :  1  9  2  3  0

ROUND 12
--------------------------------------------------
Human selected Speed: 3
------------------------------
HUMAN PLAYER
Content of user's card: 
Merchantman  :  7  3  5  6  8
------------------------------
AI PLAYER 1
Content of user's card: 
350r         :  1  9  2  3  0
------------------------------
HUMAN PLAYER
Cards in deck: 
Hornet       :  2  5  3  4  1
Sabre        :  2  7  2  5  0
Avenger      :  2  5  4  3  2
Avenger      :  2  5  4  3  2
Constellation:  4  5  7  3  4
m50          :  1 10  2  2  0
m50          :  1 10  2  2  0
Constellation:  4  5  7  3  4
Merchantman  :  7  3  5  6  8
Orion        : 10  1  6  2  9
------------------------------
AI PLAYER 1
Cards in deck: 
Avenger      :  2  5  4  3  2
Vanguard     :  3  4  5  5  2
Carrack      :  6  2 10  4  6
Idris        :  8  2  7 10  6
Vanguard     :  3  4  5  5  2
350r         :  1  9  2  3  0
Idris        :  8  2  7 10  6
Merchantman  :  7  3  5  6  8
Orion        : 10  1  6  2  9
Hawk         :  1  3  2  4  0
Carrack      :  6  2 10  4  6
Carrack      :  6  2 10  4  6
Hurricane    :  2  5  3  5  0
Hornet       :  2  5  3  4  1
Idris        :  8  2  7 10  6
Orion        : 10  1  6  2  9
Vanguard     :  3  4  5  5  2
m50          :  1 10  2  2  0
Constellation:  4  5  7  3  4
Hurricane    :  2  5  3  5  0
Hornet       :  2  5  3  4  1
Sabre        :  2  7  2  5  0
Hurricane    :  2  5  3  5  0
Sabre        :  2  7  2  5  0
Hawk         :  1  3  2  4  0
Avenger      :  2  5  4  3  2
Merchantman  :  7  3  5  6  8
350r         :  1  9  2  3  0
Hawk         :  1  3  2  4  0
350r         :  1  9  2  3  0
------------------------------
AI PLAYER 2
Cards in deck: 
------------------------------
AI PLAYER 3
Cards in deck: 
------------------------------
AI PLAYER 4
Cards in deck: 
------------------------------
Content of communal pile: 

ROUND 13
--------------------------------------------------
AI Player 1 selected Speed: 5
------------------------------
HUMAN PLAYER
Content of user's card: 
Hornet       :  2  5  3  4  1
------------------------------
AI PLAYER 1
Content of user's card: 
Avenger      :  2  5  4  3  2
------------------------------
HUMAN PLAYER
Cards in deck: 
Sabre        :  2  7  2  5  0
Avenger      :  2  5  4  3  2
Avenger      :  2  5  4  3  2
Constellation:  4  5  7  3  4
m50          :  1 10  2  2  0
m50          :  1 10  2  2  0
Constellation:  4  5  7  3  4
Merchantman  :  7  3  5  6  8
Orion        : 10  1  6  2  9
------------------------------
AI PLAYER 1
Cards in deck: 
Vanguard     :  3  4  5  5  2
Carrack      :  6  2 10  4  6
Idris        :  8  2  7 10  6
Vanguard     :  3  4  5  5  2
350r         :  1  9  2  3  0
Idris        :  8  2  7 10  6
Merchantman  :  7  3  5  6  8
Orion        : 10  1  6  2  9
Hawk         :  1  3  2  4  0
Carrack      :  6  2 10  4  6
Carrack      :  6  2 10  4  6
Hurricane    :  2  5  3  5  0
Hornet       :  2  5  3  4  1
Idris        :  8  2  7 10  6
Orion        : 10  1  6  2  9
Vanguard     :  3  4  5  5  2
m50          :  1 10  2  2  0
Constellation:  4  5  7  3  4
Hurricane    :  2  5  3  5  0
Hornet       :  2  5  3  4  1
Sabre        :  2  7  2  5  0
Hurricane    :  2  5  3  5  0
Sabre        :  2  7  2  5  0
Hawk         :  1  3  2  4  0
Avenger      :  2  5  4  3  2
Merchantman  :  7  3  5  6  8
350r         :  1  9  2  3  0
Hawk         :  1  3  2  4  0
350r         :  1  9  2  3  0
------------------------------
AI PLAYER 2
Cards in deck: 
------------------------------
AI PLAYER 3
Cards in deck: 
------------------------------
AI PLAYER 4
Cards in deck: 
------------------------------
Content of communal pile: 
Hornet       :  2  5  3  4  1
Avenger      :  2  5  4  3  2

ROUND 14
--------------------------------------------------
AI Player 1 selected Range: 5
------------------------------
HUMAN PLAYER
Content of user's card: 
Sabre        :  2  7  2  5  0
------------------------------
AI PLAYER 1
Content of user's card: 
Vanguard     :  3  4  5  5  2
------------------------------
HUMAN PLAYER
Cards in deck: 
Avenger      :  2  5  4  3  2
Avenger      :  2  5  4  3  2
Constellation:  4  5  7  3  4
m50          :  1 10  2  2  0
m50          :  1 10  2  2  0
Constellation:  4  5  7  3  4
Merchantman  :  7  3  5  6  8
Orion        : 10  1  6  2  9
------------------------------
AI PLAYER 1
Cards in deck: 
Carrack      :  6  2 10  4  6
Idris        :  8  2  7 10  6
Vanguard     :  3  4  5  5  2
350r         :  1  9  2  3  0
Idris        :  8  2  7 10  6
Merchantman  :  7  3  5  6  8
Orion        : 10  1  6  2  9
Hawk         :  1  3  2  4  0
Carrack      :  6  2 10  4  6
Carrack      :  6  2 10  4  6
Hurricane    :  2  5  3  5  0
Hornet       :  2  5  3  4  1
Idris        :  8  2  7 10  6
Orion        : 10  1  6  2  9
Vanguard     :  3  4  5  5  2
m50          :  1 10  2  2  0
Constellation:  4  5  7  3  4
Hurricane    :  2  5  3  5  0
Hornet       :  2  5  3  4  1
Sabre        :  2  7  2  5  0
Hurricane    :  2  5  3  5  0
Sabre        :  2  7  2  5  0
Hawk         :  1  3  2  4  0
Avenger      :  2  5  4  3  2
Merchantman  :  7  3  5  6  8
350r         :  1  9  2  3  0
Hawk         :  1  3  2  4  0
350r         :  1  9  2  3  0
Sabre        :  2  7  2  5  0
Vanguard     :  3  4  5  5  2
Hornet       :  2  5  3  4  1
Avenger      :  2  5  4  3  2
------------------------------
AI PLAYER 2
Cards in deck: 
------------------------------
AI PLAYER 3
Cards in deck: 
------------------------------
AI PLAYER 4
Cards in deck: 
------------------------------
Content of communal pile: 

ROUND 15
--------------------------------------------------
AI Player 1 selected Range: 10
------------------------------
HUMAN PLAYER
Content of user's card: 
Avenger      :  2  5  4  3  2
------------------------------
AI PLAYER 1
Content of user's card: 
Carrack      :  6  2 10  4  6
------------------------------
HUMAN PLAYER
Cards in deck: 
Avenger      :  2  5  4  3  2
Constellation:  4  5  7  3  4
m50          :  1 10  2  2  0
m50          :  1 10  2  2  0
Constellation:  4  5  7  3  4
Merchantman  :  7  3  5  6  8
Orion        : 10  1  6  2  9
------------------------------
AI PLAYER 1
Cards in deck: 
Idris        :  8  2  7 10  6
Vanguard     :  3  4  5  5  2
350r         :  1  9  2  3  0
Idris        :  8  2  7 10  6
Merchantman  :  7  3  5  6  8
Orion        : 10  1  6  2  9
Hawk         :  1  3  2  4  0
Carrack      :  6  2 10  4  6
Carrack      :  6  2 10  4  6
Hurricane    :  2  5  3  5  0
Hornet       :  2  5  3  4  1
Idris        :  8  2  7 10  6
Orion        : 10  1  6  2  9
Vanguard     :  3  4  5  5  2
m50          :  1 10  2  2  0
Constellation:  4  5  7  3  4
Hurricane    :  2  5  3  5  0
Hornet       :  2  5  3  4  1
Sabre        :  2  7  2  5  0
Hurricane    :  2  5  3  5  0
Sabre        :  2  7  2  5  0
Hawk         :  1  3  2  4  0
Avenger      :  2  5  4  3  2
Merchantman  :  7  3  5  6  8
350r         :  1  9  2  3  0
Hawk         :  1  3  2  4  0
350r         :  1  9  2  3  0
Sabre        :  2  7  2  5  0
Vanguard     :  3  4  5  5  2
Hornet       :  2  5  3  4  1
Avenger      :  2  5  4  3  2
Avenger      :  2  5  4  3  2
Carrack      :  6  2 10  4  6
------------------------------
AI PLAYER 2
Cards in deck: 
------------------------------
AI PLAYER 3
Cards in deck: 
------------------------------
AI PLAYER 4
Cards in deck: 

ROUND 16
--------------------------------------------------
AI Player 1 selected Firepower: 10
------------------------------
HUMAN PLAYER
Content of user's card: 
Avenger      :  2  5  4  3  2
------------------------------
AI PLAYER 1
Content of user's card: 
Idris        :  8  2  7 10  6
------------------------------
HUMAN PLAYER
Cards in deck: 
Constellation:  4  5  7  3  4
m50          :  1 10  2  2  0
m50          :  1 10  2  2  0
Constellation:  4  5  7  3  4
Merchantman  :  7  3  5  6  8
Orion        : 10  1  6  2  9
------------------------------
AI PLAYER 1
Cards in deck: 
Vanguard     :  3  4  5  5  2
350r         :  1  9  2  3  0
Idris        :  8  2  7 10  6
Merchantman  :  7  3  5  6  8
Orion        : 10  1  6  2  9
Hawk         :  1  3  2  4  0
Carrack      :  6  2 10  4  6
Carrack      :  6  2 10  4  6
Hurricane    :  2  5  3  5  0
Hornet       :  2  5  3  4  1
Idris        :  8  2  7 10  6
Orion        : 10  1  6  2  9
Vanguard     :  3  4  5  5  2
m50          :  1 10  2  2  0
Constellation:  4  5  7  3  4
Hurricane    :  2  5  3  5  0
Hornet       :  2  5  3  4  1
Sabre        :  2  7  2  5  0
Hurricane    :  2  5  3  5  0
Sabre        :  2  7  2  5  0
Hawk         :  1  3  2  4  0
Avenger      :  2  5  4  3  2
Merchantman  :  7  3  5  6  8
350r         :  1  9  2  3  0
Hawk         :  1  3  2  4  0
350r         :  1  9  2  3  0
Sabre        :  2  7  2  5  0
Vanguard     :  3  4  5  5  2
Hornet       :  2  5  3  4  1
Avenger      :  2  5  4  3  2
Avenger      :  2  5  4  3  2
Carrack      :  6  2 10  4  6
Avenger      :  2  5  4  3  2
Idris        :  8  2  7 10  6
------------------------------
AI PLAYER 2
Cards in deck: 
------------------------------
AI PLAYER 3
Cards in deck: 
------------------------------
AI PLAYER 4
Cards in deck: 

ROUND 17
--------------------------------------------------
AI Player 1 selected Range: 5
------------------------------
HUMAN PLAYER
Content of user's card: 
Constellation:  4  5  7  3  4
------------------------------
AI PLAYER 1
Content of user's card: 
Vanguard     :  3  4  5  5  2
------------------------------
HUMAN PLAYER
Cards in deck: 
m50          :  1 10  2  2  0
m50          :  1 10  2  2  0
Constellation:  4  5  7  3  4
Merchantman  :  7  3  5  6  8
Orion        : 10  1  6  2  9
Constellation:  4  5  7  3  4
Vanguard     :  3  4  5  5  2
------------------------------
AI PLAYER 1
Cards in deck: 
350r         :  1  9  2  3  0
Idris        :  8  2  7 10  6
Merchantman  :  7  3  5  6  8
Orion        : 10  1  6  2  9
Hawk         :  1  3  2  4  0
Carrack      :  6  2 10  4  6
Carrack      :  6  2 10  4  6
Hurricane    :  2  5  3  5  0
Hornet       :  2  5  3  4  1
Idris        :  8  2  7 10  6
Orion        : 10  1  6  2  9
Vanguard     :  3  4  5  5  2
m50          :  1 10  2  2  0
Constellation:  4  5  7  3  4
Hurricane    :  2  5  3  5  0
Hornet       :  2  5  3  4  1
Sabre        :  2  7  2  5  0
Hurricane    :  2  5  3  5  0
Sabre        :  2  7  2  5  0
Hawk         :  1  3  2  4  0
Avenger      :  2  5  4  3  2
Merchantman  :  7  3  5  6  8
350r         :  1  9  2  3  0
Hawk         :  1  3  2  4  0
350r         :  1  9  2  3  0
Sabre        :  2  7  2  5  0
Vanguard     :  3  4  5  5  2
Hornet       :  2  5  3  4  1
Avenger      :  2  5  4  3  2
Avenger      :  2  5  4  3  2
Carrack      :  6  2 10  4  6
Avenger      :  2  5  4  3  2
Idris        :  8  2  7 10  6
------------------------------
AI PLAYER 2
Cards in deck: 
------------------------------
AI PLAYER 3
Cards in deck: 
------------------------------
AI PLAYER 4
Cards in deck: 

ROUND 18
--------------------------------------------------
Human selected Cargo: 0
------------------------------
HUMAN PLAYER
Content of user's card: 
m50          :  1 10  2  2  0
------------------------------
AI PLAYER 1
Content of user's card: 
350r         :  1  9  2  3  0
------------------------------
HUMAN PLAYER
Cards in deck: 
m50          :  1 10  2  2  0
Constellation:  4  5  7  3  4
Merchantman  :  7  3  5  6  8
Orion        : 10  1  6  2  9
Constellation:  4  5  7  3  4
Vanguard     :  3  4  5  5  2
------------------------------
AI PLAYER 1
Cards in deck: 
Idris        :  8  2  7 10  6
Merchantman  :  7  3  5  6  8
Orion        : 10  1  6  2  9
Hawk         :  1  3  2  4  0
Carrack      :  6  2 10  4  6
Carrack      :  6  2 10  4  6
Hurricane    :  2  5  3  5  0
Hornet       :  2  5  3  4  1
Idris        :  8  2  7 10  6
Orion        : 10  1  6  2  9
Vanguard     :  3  4  5  5  2
m50          :  1 10  2  2  0
Constellation:  4  5  7  3  4
Hurricane    :  2  5  3  5  0
Hornet       :  2  5  3  4  1
Sabre        :  2  7  2  5  0
Hurricane    :  2  5  3  5  0
Sabre        :  2  7  2  5  0
Hawk         :  1  3  2  4  0
Avenger      :  2  5  4  3  2
Merchantman  :  7  3  5  6  8
350r         :  1  9  2  3  0
Hawk         :  1  3  2  4  0
350r         :  1  9  2  3  0
Sabre        :  2  7  2  5  0
Vanguard     :  3  4  5  5  2
Hornet       :  2  5  3  4  1
Avenger      :  2  5  4  3  2
Avenger      :  2  5  4  3  2
Carrack      :  6  2 10  4  6
Avenger      :  2  5  4  3  2
Idris        :  8  2  7 10  6
------------------------------
AI PLAYER 2
Cards in deck: 
------------------------------
AI PLAYER 3
Cards in deck: 
------------------------------
AI PLAYER 4
Cards in deck: 
------------------------------
Content of communal pile: 
m50          :  1 10  2  2  0
350r         :  1  9  2  3  0

ROUND 19
--------------------------------------------------
Human selected Cargo: 0
------------------------------
HUMAN PLAYER
Content of user's card: 
m50          :  1 10  2  2  0
------------------------------
AI PLAYER 1
Content of user's card: 
Idris        :  8  2  7 10  6
------------------------------
HUMAN PLAYER
Cards in deck: 
Constellation:  4  5  7  3  4
Merchantman  :  7  3  5  6  8
Orion        : 10  1  6  2  9
Constellation:  4  5  7  3  4
Vanguard     :  3  4  5  5  2
------------------------------
AI PLAYER 1
Cards in deck: 
Merchantman  :  7  3  5  6  8
Orion        : 10  1  6  2  9
Hawk         :  1  3  2  4  0
Carrack      :  6  2 10  4  6
Carrack      :  6  2 10  4  6
Hurricane    :  2  5  3  5  0
Hornet       :  2  5  3  4  1
Idris        :  8  2  7 10  6
Orion        : 10  1  6  2  9
Vanguard     :  3  4  5  5  2
m50          :  1 10  2  2  0
Constellation:  4  5  7  3  4
Hurricane    :  2  5  3  5  0
Hornet       :  2  5  3  4  1
Sabre        :  2  7  2  5  0
Hurricane    :  2  5  3  5  0
Sabre        :  2  7  2  5  0
Hawk         :  1  3  2  4  0
Avenger      :  2  5  4  3  2
Merchantman  :  7  3  5  6  8
350r         :  1  9  2  3  0
Hawk         :  1  3  2  4  0
350r         :  1  9  2  3  0
Sabre        :  2  7  2  5  0
Vanguard     :  3  4  5  5  2
Hornet       :  2  5  3  4  1
Avenger      :  2  5  4  3  2
Avenger      :  2  5  4  3  2
Carrack      :  6  2 10  4  6
Avenger      :  2  5  4  3  2
Idris        :  8  2  7 10  6
m50          :  1 10  2  2  0
Idris        :  8  2  7 10  6
m50          :  1 10  2  2  0
350r         :  1  9  2  3  0
------------------------------
AI PLAYER 2
Cards in deck: 
------------------------------
AI PLAYER 3
Cards in deck: 
------------------------------
AI PLAYER 4
Cards in deck: 
------------------------------
Content of communal pile: 

ROUND 20
--------------------------------------------------
AI Player 1 selected Cargo: 8
------------------------------
HUMAN PLAYER
Content of user's card: 
Constellation:  4  5  7  3  4
------------------------------
AI PLAYER 1
Content of user's card: 
Merchantman  :  7  3  5  6  8
------------------------------
HUMAN PLAYER
Cards in deck: 
Merchantman  :  7  3  5  6  8
Orion        : 10  1  6  2  9
Constellation:  4  5  7  3  4
Vanguard     :  3  4  5  5  2
------------------------------
AI PLAYER 1
Cards in deck: 
Orion        : 10  1  6  2  9
Hawk         :  1  3  2  4  0
Carrack      :  6  2 10  4  6
Carrack      :  6  2 10  4  6
Hurricane    :  2  5  3  5  0
Hornet       :  2  5  3  4  1
Idris        :  8  2  7 10  6
Orion        : 10  1  6  2  9
Vanguard     :  3  4  5  5  2
m50          :  1 10  2  2  0
Constellation:  4  5  7  3  4
Hurricane    :  2  5  3  5  0
Hornet       :  2  5  3  4  1
Sabre        :  2  7  2  5  0
Hurricane    :  2  5  3  5  0
Sabre        :  2  7  2  5  0
Hawk         :  1  3  2  4  0
Avenger      :  2  5  4  3  2
Merchantman  :  7  3  5  6  8
350r         :  1  9  2  3  0
Hawk         :  1  3  2  4  0
350r         :  1  9  2  3  0
Sabre        :  2  7  2  5  0
Vanguard     :  3  4  5  5  2
Hornet       :  2  5  3  4  1
Avenger      :  2  5  4  3  2
Avenger      :  2  5  4  3  2
Carrack      :  6  2 10  4  6
Avenger      :  2  5  4  3  2
Idris        :  8  2  7 10  6
m50          :  1 10  2  2  0
Idris        :  8  2  7 10  6
m50          :  1 10  2  2  0
350r         :  1  9  2  3  0
Constellation:  4  5  7  3  4
Merchantman  :  7  3  5  6  8
------------------------------
AI PLAYER 2
Cards in deck: 
------------------------------
AI PLAYER 3
Cards in deck: 
------------------------------
AI PLAYER 4
Cards in deck: 

ROUND 21
--------------------------------------------------
AI Player 1 selected Size: 10
------------------------------
HUMAN PLAYER
Content of user's card: 
Merchantman  :  7  3  5  6  8
------------------------------
AI PLAYER 1
Content of user's card: 
Orion        : 10  1  6  2  9
------------------------------
HUMAN PLAYER
Cards in deck: 
Orion        : 10  1  6  2  9
Constellation:  4  5  7  3  4
Vanguard     :  3  4  5  5  2
------------------------------
AI PLAYER 1
Cards in deck: 
Hawk         :  1  3  2  4  0
Carrack      :  6  2 10  4  6
Carrack      :  6  2 10  4  6
Hurricane    :  2  5  3  5  0
Hornet       :  2  5  3  4  1
Idris        :  8  2  7 10  6
Orion        : 10  1  6  2  9
Vanguard     :  3  4  5  5  2
m50          :  1 10  2  2  0
Constellation:  4  5  7  3  4
Hurricane    :  2  5  3  5  0
Hornet       :  2  5  3  4  1
Sabre        :  2  7  2  5  0
Hurricane    :  2  5  3  5  0
Sabre        :  2  7  2  5  0
Hawk         :  1  3  2  4  0
Avenger      :  2  5  4  3  2
Merchantman  :  7  3  5  6  8
350r         :  1  9  2  3  0
Hawk         :  1  3  2  4  0
350r         :  1  9  2  3  0
Sabre        :  2  7  2  5  0
Vanguard     :  3  4  5  5  2
Hornet       :  2  5  3  4  1
Avenger      :  2  5  4  3  2
Avenger      :  2  5  4  3  2
Carrack      :  6  2 10  4  6
Avenger      :  2  5  4  3  2
Idris        :  8  2  7 10  6
m50          :  1 10  2  2  0
Idris        :  8  2  7 10  6
m50          :  1 10  2  2  0
350r         :  1  9  2  3  0
Constellation:  4  5  7  3  4
Merchantman  :  7  3  5  6  8
Merchantman  :  7  3  5  6  8
Orion        : 10  1  6  2  9
------------------------------
AI PLAYER 2
Cards in deck: 
------------------------------
AI PLAYER 3
Cards in deck: 
------------------------------
AI PLAYER 4
Cards in deck: 

ROUND 22
--------------------------------------------------
AI Player 1 selected Firepower: 4
------------------------------
HUMAN PLAYER
Content of user's card: 
Orion        : 10  1  6  2  9
------------------------------
AI PLAYER 1
Content of user's card: 
Hawk         :  1  3  2  4  0
------------------------------
HUMAN PLAYER
Cards in deck: 
Constellation:  4  5  7  3  4
Vanguard     :  3  4  5  5  2
------------------------------
AI PLAYER 1
Cards in deck: 
Carrack      :  6  2 10  4  6
Carrack      :  6  2 10  4  6
Hurricane    :  2  5  3  5  0
Hornet       :  2  5  3  4  1
Idris        :  8  2  7 10  6
Orion        : 10  1  6  2  9
Vanguard     :  3  4  5  5  2
m50          :  1 10  2  2  0
Constellation:  4  5  7  3  4
Hurricane    :  2  5  3  5  0
Hornet       :  2  5  3  4  1
Sabre        :  2  7  2  5  0
Hurricane    :  2  5  3  5  0
Sabre        :  2  7  2  5  0
Hawk         :  1  3  2  4  0
Avenger      :  2  5  4  3  2
Merchantman  :  7  3  5  6  8
350r         :  1  9  2  3  0
Hawk         :  1  3  2  4  0
350r         :  1  9  2  3  0
Sabre        :  2  7  2  5  0
Vanguard     :  3  4  5  5  2
Hornet       :  2  5  3  4  1
Avenger      :  2  5  4  3  2
Avenger      :  2  5  4  3  2
Carrack      :  6  2 10  4  6
Avenger      :  2  5  4  3  2
Idris        :  8  2  7 10  6
m50          :  1 10  2  2  0
Idris        :  8  2  7 10  6
m50          :  1 10  2  2  0
350r         :  1  9  2  3  0
Constellation:  4  5  7  3  4
Merchantman  :  7  3  5  6  8
Merchantman  :  7  3  5  6  8
Orion        : 10  1  6  2  9
Orion        : 10  1  6  2  9
Hawk         :  1  3  2  4  0
------------------------------
AI PLAYER 2
Cards in deck: 
------------------------------
AI PLAYER 3
Cards in deck: 
------------------------------
AI PLAYER 4
Cards in deck: 

ROUND 23
--------------------------------------------------
AI Player 1 selected Range: 10
------------------------------
HUMAN PLAYER
Content of user's card: 
Constellation:  4  5  7  3  4
------------------------------
AI PLAYER 1
Content of user's card: 
Carrack      :  6  2 10  4  6
------------------------------
HUMAN PLAYER
Cards in deck: 
Vanguard     :  3  4  5  5  2
------------------------------
AI PLAYER 1
Cards in deck: 
Carrack      :  6  2 10  4  6
Hurricane    :  2  5  3  5  0
Hornet       :  2  5  3  4  1
Idris        :  8  2  7 10  6
Orion        : 10  1  6  2  9
Vanguard     :  3  4  5  5  2
m50          :  1 10  2  2  0
Constellation:  4  5  7  3  4
Hurricane    :  2  5  3  5  0
Hornet       :  2  5  3  4  1
Sabre        :  2  7  2  5  0
Hurricane    :  2  5  3  5  0
Sabre        :  2  7  2  5  0
Hawk         :  1  3  2  4  0
Avenger      :  2  5  4  3  2
Merchantman  :  7  3  5  6  8
350r         :  1  9  2  3  0
Hawk         :  1  3  2  4  0
350r         :  1  9  2  3  0
Sabre        :  2  7  2  5  0
Vanguard     :  3  4  5  5  2
Hornet       :  2  5  3  4  1
Avenger      :  2  5  4  3  2
Avenger      :  2  5  4  3  2
Carrack      :  6  2 10  4  6
Avenger      :  2  5  4  3  2
Idris        :  8  2  7 10  6
m50          :  1 10  2  2  0
Idris        :  8  2  7 10  6
m50          :  1 10  2  2  0
350r         :  1  9  2  3  0
Constellation:  4  5  7  3  4
Merchantman  :  7  3  5  6  8
Merchantman  :  7  3  5  6  8
Orion        : 10  1  6  2  9
Orion        : 10  1  6  2  9
Hawk         :  1  3  2  4  0
Constellation:  4  5  7  3  4
Carrack      :  6  2 10  4  6
------------------------------
AI PLAYER 2
Cards in deck: 
------------------------------
AI PLAYER 3
Cards in deck: 
------------------------------
AI PLAYER 4
Cards in deck: 

ROUND 24
--------------------------------------------------
AI Player 1 selected Range: 10
------------------------------
HUMAN PLAYER
Content of user's card: 
Vanguard     :  3  4  5  5  2
------------------------------
AI PLAYER 1
Content of user's card: 
Carrack      :  6  2 10  4  6
------------------------------
HUMAN PLAYER
Cards in deck: 
------------------------------
AI PLAYER 1
Cards in deck: 
Hurricane    :  2  5  3  5  0
Hornet       :  2  5  3  4  1
Idris        :  8  2  7 10  6
Orion        : 10  1  6  2  9
Vanguard     :  3  4  5  5  2
m50          :  1 10  2  2  0
Constellation:  4  5  7  3  4
Hurricane    :  2  5  3  5  0
Hornet       :  2  5  3  4  1
Sabre        :  2  7  2  5  0
Hurricane    :  2  5  3  5  0
Sabre        :  2  7  2  5  0
Hawk         :  1  3  2  4  0
Avenger      :  2  5  4  3  2
Merchantman  :  7  3  5  6  8
350r         :  1  9  2  3  0
Hawk         :  1  3  2  4  0
350r         :  1  9  2  3  0
Sabre        :  2  7  2  5  0
Vanguard     :  3  4  5  5  2
Hornet       :  2  5  3  4  1
Avenger      :  2  5  4  3  2
Avenger      :  2  5  4  3  2
Carrack      :  6  2 10  4  6
Avenger      :  2  5  4  3  2
Idris        :  8  2  7 10  6
m50          :  1 10  2  2  0
Idris        :  8  2  7 10  6
m50          :  1 10  2  2  0
350r         :  1  9  2  3  0
Constellation:  4  5  7  3  4
Merchantman  :  7  3  5  6  8
Merchantman  :  7  3  5  6  8
Orion        : 10  1  6  2  9
Orion        : 10  1  6  2  9
Hawk         :  1  3  2  4  0
Constellation:  4  5  7  3  4
Carrack      :  6  2 10  4  6
Vanguard     :  3  4  5  5  2
Carrack      :  6  2 10  4  6
------------------------------
AI PLAYER 2
Cards in deck: 
------------------------------
AI PLAYER 3
Cards in deck: 
------------------------------
AI PLAYER 4
Cards in deck: 
------------------------------
The winner of the game is: AI Player 1
